Info 0    [19:9:22.523] Starting TS Server
Info 1    [19:9:22.523] Version: 3.8.0-dev.20191102
Info 2    [19:9:22.524] Arguments: /opt/visual-studio-code/code /tmp/find-references-ts-bug/node_modules/typescript/lib/tsserver.js --useInferredProjectPerProjectRoot --enableTelemetry --cancellationPipeName /tmp/vscode-typescript1000/78b1425f210a24656fd6/tscancellation-83e0e76764bf999754a4.tmp* --logVerbosity verbose --logFile /home/InExtremaRes/.config/Code/logs/20191104T190856/exthost1/vscode.typescript-language-features/tsserver-log-qqOlCT/tsserver.log --globalPlugins typescript-tslint-plugin,@vsintellicode/typescript-intellicode-plugin --pluginProbeLocations /home/InExtremaRes/.vscode/extensions/ms-vscode.vscode-typescript-tslint-plugin-1.2.2 --locale es --noGetErrOnBackgroundUpdate --validateDefaultNpmLocation
Info 3    [19:9:22.524] Platform: linux NodeVersion: 10 CaseSensitive: true
Info 4    [19:9:22.526] Binding...
Info 5    [19:9:22.533] request:
    {"seq":0,"type":"request","command":"configure","arguments":{"hostInfo":"vscode","preferences":{"providePrefixAndSuffixTextForRename":true,"allowRenameOfImportPath":true}}}
Info 6    [19:9:22.534] Host information vscode
Info 7    [19:9:22.534] response:
    {"seq":0,"type":"response","command":"configure","request_seq":0,"success":true}
Perf 8    [19:9:22.535] 0::configure: async elapsed time (in milliseconds) 1.8809
Info 9    [19:9:22.535] request:
    {"seq":1,"type":"request","command":"compilerOptionsForInferredProjects","arguments":{"options":{"module":"commonjs","target":"es2016","jsx":"preserve","checkJs":true,"allowJs":true,"allowSyntheticDefaultImports":true,"allowNonTsExtensions":true}}}
Info 10   [19:9:22.536] Scheduled: *ensureProjectForOpenFiles*
Perf 11   [19:9:22.536] 1::compilerOptionsForInferredProjects: elapsed time (in milliseconds) 0.9927
Info 12   [19:9:22.536] response:
    {"seq":0,"type":"response","command":"compilerOptionsForInferredProjects","request_seq":1,"success":true,"body":true}
Info 13   [19:9:22.536] request:
    {"seq":2,"type":"request","command":"updateOpen","arguments":{"changedFiles":[],"closedFiles":[],"openFiles":[{"file":"/tmp/find-references-ts-bug/file3.ts","fileContent":"import { Container } from './file2';\n\ndeclare const c: Container;\n// 'Go to definition' works from here but 'Find all references' doesn't\nc.classes.Foo;\n\nexport type S = {};\n","scriptKindName":"TS","projectRootPath":"/tmp/find-references-ts-bug"}]}}
Info 14   [19:9:22.538] Search path: /tmp/find-references-ts-bug
Info 15   [19:9:22.539] ConfigFilePresence:: Current Watches: :: File: /tmp/find-references-ts-bug/tsconfig.json Currently impacted open files: RootsOfInferredProjects:  OtherOpenFiles: /tmp/find-references-ts-bug/file3.ts Status: File added to open files impacted by this config file
Info 16   [19:9:22.539] For info: /tmp/find-references-ts-bug/file3.ts :: Config file name: /tmp/find-references-ts-bug/tsconfig.json
Info 17   [19:9:22.539] Opened configuration file /tmp/find-references-ts-bug/tsconfig.json
Info 18   [19:9:22.543] FileWatcher:: Added:: WatchInfo: /tmp/find-references-ts-bug/tsconfig.json 2000 Project: /tmp/find-references-ts-bug/tsconfig.json WatchType: Config file
Info 19   [19:9:22.544] event:
    {"seq":0,"type":"event","event":"projectLoadingStart","body":{"projectName":"/tmp/find-references-ts-bug/tsconfig.json","reason":"Creating possible configured project for /tmp/find-references-ts-bug/file3.ts to open"}}
Info 20   [19:9:22.559] Config: /tmp/find-references-ts-bug/tsconfig.json : {
 "rootNames": [
  "/tmp/find-references-ts-bug/file1.ts",
  "/tmp/find-references-ts-bug/file2.ts",
  "/tmp/find-references-ts-bug/file3.ts",
  "/tmp/find-references-ts-bug/file4.ts"
 ],
 "options": {
  "target": 1,
  "module": 1,
  "strict": true,
  "esModuleInterop": true,
  "forceConsistentCasingInFileNames": true,
  "configFilePath": "/tmp/find-references-ts-bug/tsconfig.json"
 }
}
Info 21   [19:9:22.559] DirectoryWatcher:: Added:: WatchInfo: /tmp/find-references-ts-bug 1 Project: /tmp/find-references-ts-bug/tsconfig.json WatchType: Wild card directory
Info 22   [19:9:22.579] Elapsed:: 19ms DirectoryWatcher:: Added:: WatchInfo: /tmp/find-references-ts-bug 1 Project: /tmp/find-references-ts-bug/tsconfig.json WatchType: Wild card directory
Info 23   [19:9:22.579] Loading global plugin typescript-tslint-plugin
Info 24   [19:9:22.579] Enabling plugin typescript-tslint-plugin from candidate paths: /home/InExtremaRes/.vscode/extensions/ms-vscode.vscode-typescript-tslint-plugin-1.2.2,/tmp/find-references-ts-bug/node_modules/typescript/lib/tsserver.js/../../..
Info 25   [19:9:22.579] Loading typescript-tslint-plugin from /home/InExtremaRes/.vscode/extensions/ms-vscode.vscode-typescript-tslint-plugin-1.2.2 (resolved to /home/InExtremaRes/.vscode/extensions/ms-vscode.vscode-typescript-tslint-plugin-1.2.2/node_modules)
Info 26   [19:9:22.612] [typescript-tslint-plugin] "Create"
Info 27   [19:9:22.612] [typescript-tslint-plugin] "ConfigurationManager: Found configured project: /tmp/find-references-ts-bug/tsconfig.json"
Info 28   [19:9:22.612] [typescript-tslint-plugin] "loaded"
Info 29   [19:9:22.612] Plugin validation succeded
Info 30   [19:9:22.612] Loading global plugin @vsintellicode/typescript-intellicode-plugin
Info 31   [19:9:22.612] Enabling plugin @vsintellicode/typescript-intellicode-plugin from candidate paths: /home/InExtremaRes/.vscode/extensions/ms-vscode.vscode-typescript-tslint-plugin-1.2.2,/tmp/find-references-ts-bug/node_modules/typescript/lib/tsserver.js/../../..
Info 32   [19:9:22.612] Loading @vsintellicode/typescript-intellicode-plugin from /home/InExtremaRes/.vscode/extensions/ms-vscode.vscode-typescript-tslint-plugin-1.2.2 (resolved to /home/InExtremaRes/.vscode/extensions/ms-vscode.vscode-typescript-tslint-plugin-1.2.2/node_modules)
Info 33   [19:9:22.623] Loading @vsintellicode/typescript-intellicode-plugin from /tmp/find-references-ts-bug/node_modules/typescript/lib/tsserver.js/../../.. (resolved to /tmp/find-references-ts-bug/node_modules/node_modules)
Info 34   [19:9:22.624] Failed to load module '@vsintellicode/typescript-intellicode-plugin' from /home/InExtremaRes/.vscode/extensions/ms-vscode.vscode-typescript-tslint-plugin-1.2.2/node_modules: Error: Could not resolve JS module '@vsintellicode/typescript-intellicode-plugin' starting at '/home/InExtremaRes/.vscode/extensions/ms-vscode.vscode-typescript-tslint-plugin-1.2.2/node_modules'. Looked in: /home/InExtremaRes/.vscode/extensions/ms-vscode.vscode-typescript-tslint-plugin-1.2.2/node_modules/@vsintellicode/typescript-intellicode-plugin/package.json, /home/InExtremaRes/.vscode/extensions/ms-vscode.vscode-typescript-tslint-plugin-1.2.2/node_modules/@vsintellicode/typescript-intellicode-plugin.js, /home/InExtremaRes/.vscode/extensions/ms-vscode.vscode-typescript-tslint-plugin-1.2.2/node_modules/@vsintellicode/typescript-intellicode-plugin.jsx, /home/InExtremaRes/.vscode/extensions/ms-vscode.vscode-typescript-tslint-plugin-1.2.2/node_modules/@vsintellicode/typescript-intellicode-plugin/index.js, /home/InExtremaRes/.vscode/extensions/ms-vscode.vscode-typescript-tslint-plugin-1.2.2/node_modules/@vsintellicode/typescript-intellicode-plugin/index.jsx, /home/InExtremaRes/.vscode/extensions/node_modules/@vsintellicode/typescript-intellicode-plugin/package.json, /home/InExtremaRes/.vscode/extensions/node_modules/@vsintellicode/typescript-intellicode-plugin.js, /home/InExtremaRes/.vscode/extensions/node_modules/@vsintellicode/typescript-intellicode-plugin.jsx, /home/InExtremaRes/.vscode/extensions/node_modules/@vsintellicode/typescript-intellicode-plugin/index.js, /home/InExtremaRes/.vscode/extensions/node_modules/@vsintellicode/typescript-intellicode-plugin/index.jsx, /home/InExtremaRes/.vscode/node_modules/@vsintellicode/typescript-intellicode-plugin/package.json, /home/InExtremaRes/.vscode/node_modules/@vsintellicode/typescript-intellicode-plugin.js, /home/InExtremaRes/.vscode/node_modules/@vsintellicode/typescript-intellicode-plugin.jsx, /home/InExtremaRes/.vscode/node_modules/@vsintellicode/typescript-intellicode-plugin/index.js, /home/InExtremaRes/.vscode/node_modules/@vsintellicode/typescript-intellicode-plugin/index.jsx, /home/InExtremaRes/node_modules/@vsintellicode/typescript-intellicode-plugin/package.json, /home/InExtremaRes/node_modules/@vsintellicode/typescript-intellicode-plugin.js, /home/InExtremaRes/node_modules/@vsintellicode/typescript-intellicode-plugin.jsx, /home/InExtremaRes/node_modules/@vsintellicode/typescript-intellicode-plugin/index.js, /home/InExtremaRes/node_modules/@vsintellicode/typescript-intellicode-plugin/index.jsx, /home/node_modules/@vsintellicode/typescript-intellicode-plugin/package.json, /home/node_modules/@vsintellicode/typescript-intellicode-plugin.js, /home/node_modules/@vsintellicode/typescript-intellicode-plugin.jsx, /home/node_modules/@vsintellicode/typescript-intellicode-plugin/index.js, /home/node_modules/@vsintellicode/typescript-intellicode-plugin/index.jsx, /node_modules/@vsintellicode/typescript-intellicode-plugin/package.json, /node_modules/@vsintellicode/typescript-intellicode-plugin.js, /node_modules/@vsintellicode/typescript-intellicode-plugin.jsx, /node_modules/@vsintellicode/typescript-intellicode-plugin/index.js, /node_modules/@vsintellicode/typescript-intellicode-plugin/index.jsx
    at Object.resolveJSModule (/tmp/find-references-ts-bug/node_modules/typescript/lib/tsserver.js:28307:19)
    at Object.sys.require (/tmp/find-references-ts-bug/node_modules/typescript/lib/tsserver.js:142580:45)
    at Function.Project.resolveModule (/tmp/find-references-ts-bug/node_modules/typescript/lib/tsserver.js:134528:35)
    at /tmp/find-references-ts-bug/node_modules/typescript/lib/tsserver.js:135477:36
    at Object.firstDefined (/tmp/find-references-ts-bug/node_modules/typescript/lib/tsserver.js:200:26)
    at ConfiguredProject.Project.enablePlugin (/tmp/find-references-ts-bug/node_modules/typescript/lib/tsserver.js:135476:41)
    at _loop_2 (/tmp/find-references-ts-bug/node_modules/typescript/lib/tsserver.js:135460:32)
    at ConfiguredProject.Project.enableGlobalPlugins (/tmp/find-references-ts-bug/node_modules/typescript/lib/tsserver.js:135466:25)
    at ConfiguredProject.enablePluginsWithOptions (/tmp/find-references-ts-bug/node_modules/typescript/lib/tsserver.js:135938:22)
    at ProjectService.loadConfiguredProject (/tmp/find-references-ts-bug/node_modules/typescript/lib/tsserver.js:137429:25)
    at ProjectService.createAndLoadConfiguredProject (/tmp/find-references-ts-bug/node_modules/typescript/lib/tsserver.js:137371:22)
    at ProjectService.createLoadAndUpdateConfiguredProject (/tmp/find-references-ts-bug/node_modules/typescript/lib/tsserver.js:137376:36)
    at ProjectService.assignProjectToOpenedScriptInfo (/tmp/find-references-ts-bug/node_modules/typescript/lib/tsserver.js:138199:44)
    at /tmp/find-references-ts-bug/node_modules/typescript/lib/tsserver.js:138430:107
    at Object.mapDefined (/tmp/find-references-ts-bug/node_modules/typescript/lib/tsserver.js:565:30)
    at ProjectService.applyChangesInOpenFiles (/tmp/find-references-ts-bug/node_modules/typescript/lib/tsserver.js:138430:48)
    at Session.handlers.ts.createMapFromTemplate._a.(anonymous function) (/tmp/find-references-ts-bug/node_modules/typescript/lib/tsserver.js:139284:46)
    at /tmp/find-references-ts-bug/node_modules/typescript/lib/tsserver.js:140942:88
    at IOSession.Session.executeWithRequestId (/tmp/find-references-ts-bug/node_modules/typescript/lib/tsserver.js:140933:28)
    at IOSession.Session.executeCommand (/tmp/find-references-ts-bug/node_modules/typescript/lib/tsserver.js:140942:33)
    at IOSession.Session.onMessage (/tmp/find-references-ts-bug/node_modules/typescript/lib/tsserver.js:140965:35)
    at Interface.<anonymous> (/tmp/find-references-ts-bug/node_modules/typescript/lib/tsserver.js:142280:27)
    at Interface.emit (events.js:182:13)
    at Interface._onLine (readline.js:290:10)
    at Interface._normalWrite (readline.js:433:12)
    at Socket.ondata (readline.js:149:10)
    at Socket.emit (events.js:182:13)
    at addChunk (_stream_readable.js:283:12)
    at readableAddChunk (_stream_readable.js:264:11)
    at Socket.Readable.push (_stream_readable.js:219:10)
    at Pipe.onStreamRead [as onread] (internal/stream_base_commons.js:94:17)
Info 35   [19:9:22.624] Failed to load module '@vsintellicode/typescript-intellicode-plugin' from /tmp/find-references-ts-bug/node_modules/node_modules: Error: Could not resolve JS module '@vsintellicode/typescript-intellicode-plugin' starting at '/tmp/find-references-ts-bug/node_modules/node_modules'. Looked in: /tmp/find-references-ts-bug/node_modules/@vsintellicode/typescript-intellicode-plugin/package.json, /tmp/find-references-ts-bug/node_modules/@vsintellicode/typescript-intellicode-plugin.js, /tmp/find-references-ts-bug/node_modules/@vsintellicode/typescript-intellicode-plugin.jsx, /tmp/find-references-ts-bug/node_modules/@vsintellicode/typescript-intellicode-plugin/index.js, /tmp/find-references-ts-bug/node_modules/@vsintellicode/typescript-intellicode-plugin/index.jsx, /tmp/node_modules/@vsintellicode/typescript-intellicode-plugin/package.json, /tmp/node_modules/@vsintellicode/typescript-intellicode-plugin.js, /tmp/node_modules/@vsintellicode/typescript-intellicode-plugin.jsx, /tmp/node_modules/@vsintellicode/typescript-intellicode-plugin/index.js, /tmp/node_modules/@vsintellicode/typescript-intellicode-plugin/index.jsx, /node_modules/@vsintellicode/typescript-intellicode-plugin/package.json, /node_modules/@vsintellicode/typescript-intellicode-plugin.js, /node_modules/@vsintellicode/typescript-intellicode-plugin.jsx, /node_modules/@vsintellicode/typescript-intellicode-plugin/index.js, /node_modules/@vsintellicode/typescript-intellicode-plugin/index.jsx
    at Object.resolveJSModule (/tmp/find-references-ts-bug/node_modules/typescript/lib/tsserver.js:28307:19)
    at Object.sys.require (/tmp/find-references-ts-bug/node_modules/typescript/lib/tsserver.js:142580:45)
    at Function.Project.resolveModule (/tmp/find-references-ts-bug/node_modules/typescript/lib/tsserver.js:134528:35)
    at /tmp/find-references-ts-bug/node_modules/typescript/lib/tsserver.js:135477:36
    at Object.firstDefined (/tmp/find-references-ts-bug/node_modules/typescript/lib/tsserver.js:200:26)
    at ConfiguredProject.Project.enablePlugin (/tmp/find-references-ts-bug/node_modules/typescript/lib/tsserver.js:135476:41)
    at _loop_2 (/tmp/find-references-ts-bug/node_modules/typescript/lib/tsserver.js:135460:32)
    at ConfiguredProject.Project.enableGlobalPlugins (/tmp/find-references-ts-bug/node_modules/typescript/lib/tsserver.js:135466:25)
    at ConfiguredProject.enablePluginsWithOptions (/tmp/find-references-ts-bug/node_modules/typescript/lib/tsserver.js:135938:22)
    at ProjectService.loadConfiguredProject (/tmp/find-references-ts-bug/node_modules/typescript/lib/tsserver.js:137429:25)
    at ProjectService.createAndLoadConfiguredProject (/tmp/find-references-ts-bug/node_modules/typescript/lib/tsserver.js:137371:22)
    at ProjectService.createLoadAndUpdateConfiguredProject (/tmp/find-references-ts-bug/node_modules/typescript/lib/tsserver.js:137376:36)
    at ProjectService.assignProjectToOpenedScriptInfo (/tmp/find-references-ts-bug/node_modules/typescript/lib/tsserver.js:138199:44)
    at /tmp/find-references-ts-bug/node_modules/typescript/lib/tsserver.js:138430:107
    at Object.mapDefined (/tmp/find-references-ts-bug/node_modules/typescript/lib/tsserver.js:565:30)
    at ProjectService.applyChangesInOpenFiles (/tmp/find-references-ts-bug/node_modules/typescript/lib/tsserver.js:138430:48)
    at Session.handlers.ts.createMapFromTemplate._a.(anonymous function) (/tmp/find-references-ts-bug/node_modules/typescript/lib/tsserver.js:139284:46)
    at /tmp/find-references-ts-bug/node_modules/typescript/lib/tsserver.js:140942:88
    at IOSession.Session.executeWithRequestId (/tmp/find-references-ts-bug/node_modules/typescript/lib/tsserver.js:140933:28)
    at IOSession.Session.executeCommand (/tmp/find-references-ts-bug/node_modules/typescript/lib/tsserver.js:140942:33)
    at IOSession.Session.onMessage (/tmp/find-references-ts-bug/node_modules/typescript/lib/tsserver.js:140965:35)
    at Interface.<anonymous> (/tmp/find-references-ts-bug/node_modules/typescript/lib/tsserver.js:142280:27)
    at Interface.emit (events.js:182:13)
    at Interface._onLine (readline.js:290:10)
    at Interface._normalWrite (readline.js:433:12)
    at Socket.ondata (readline.js:149:10)
    at Socket.emit (events.js:182:13)
    at addChunk (_stream_readable.js:283:12)
    at readableAddChunk (_stream_readable.js:264:11)
    at Socket.Readable.push (_stream_readable.js:219:10)
    at Pipe.onStreamRead [as onread] (internal/stream_base_commons.js:94:17)
Info 36   [19:9:22.624] Couldn't find @vsintellicode/typescript-intellicode-plugin
Info 37   [19:9:22.625] FileWatcher:: Added:: WatchInfo: /tmp/find-references-ts-bug/file1.ts 500 Project:  WatchType: Closed Script info
Info 38   [19:9:22.625] FileWatcher:: Added:: WatchInfo: /tmp/find-references-ts-bug/file2.ts 500 Project:  WatchType: Closed Script info
Info 39   [19:9:22.625] FileWatcher:: Added:: WatchInfo: /tmp/find-references-ts-bug/file4.ts 500 Project:  WatchType: Closed Script info
Info 40   [19:9:22.626] Starting updateGraphWorker: Project: /tmp/find-references-ts-bug/tsconfig.json
Info 41   [19:9:22.640] DirectoryWatcher:: Added:: WatchInfo: /tmp/find-references-ts-bug/node_modules 1 Project:  WatchType: node_modules for closed script infos in them
Info 42   [19:9:22.640] Elapsed:: 0ms DirectoryWatcher:: Added:: WatchInfo: /tmp/find-references-ts-bug/node_modules 1 Project:  WatchType: node_modules for closed script infos in them
Info 43   [19:9:23.184] DirectoryWatcher:: Added:: WatchInfo: /tmp/find-references-ts-bug/node_modules/@types 1 Project: /tmp/find-references-ts-bug/tsconfig.json WatchType: Type roots
Info 44   [19:9:23.184] Elapsed:: 0ms DirectoryWatcher:: Added:: WatchInfo: /tmp/find-references-ts-bug/node_modules/@types 1 Project: /tmp/find-references-ts-bug/tsconfig.json WatchType: Type roots
Info 45   [19:9:23.184] Finishing updateGraphWorker: Project: /tmp/find-references-ts-bug/tsconfig.json Version: 1 structureChanged: true Elapsed: 558ms
Info 46   [19:9:23.185] Project '/tmp/find-references-ts-bug/tsconfig.json' (Configured) 
Info 47   [19:9:23.185] 	Files (9)
	/tmp/find-references-ts-bug/node_modules/typescript/lib/lib.d.ts
	/tmp/find-references-ts-bug/node_modules/typescript/lib/lib.es5.d.ts
	/tmp/find-references-ts-bug/node_modules/typescript/lib/lib.dom.d.ts
	/tmp/find-references-ts-bug/node_modules/typescript/lib/lib.webworker.importscripts.d.ts
	/tmp/find-references-ts-bug/node_modules/typescript/lib/lib.scripthost.d.ts
	/tmp/find-references-ts-bug/file1.ts
	/tmp/find-references-ts-bug/file2.ts
	/tmp/find-references-ts-bug/file3.ts
	/tmp/find-references-ts-bug/file4.ts

Info 48   [19:9:23.185] -----------------------------------------------
Info 49   [19:9:23.185] event:
    {"seq":0,"type":"event","event":"projectLoadingFinish","body":{"projectName":"/tmp/find-references-ts-bug/tsconfig.json"}}
Info 50   [19:9:23.187] event:
    {"seq":0,"type":"event","event":"telemetry","body":{"telemetryEventName":"projectInfo","payload":{"projectId":"46fb10ea49a93bb0fc7099bfc289b1e46603855e660e8bd3f6c3af7a1b9ddacc","fileStats":{"js":0,"jsSize":0,"jsx":0,"jsxSize":0,"ts":4,"tsSize":584,"tsx":0,"tsxSize":0,"dts":5,"dtsSize":1058342,"deferred":0,"deferredSize":0},"compilerOptions":{"target":"es5","module":"commonjs","strict":true,"esModuleInterop":true,"forceConsistentCasingInFileNames":true},"typeAcquisition":{"enable":false,"include":false,"exclude":false},"extends":false,"files":false,"include":false,"exclude":false,"compileOnSave":false,"configFileName":"tsconfig.json","projectType":"configured","languageServiceEnabled":true,"version":"3.8.0-dev.20191102"}}}
Info 51   [19:9:23.189] event:
    {"seq":0,"type":"event","event":"configFileDiag","body":{"triggerFile":"/tmp/find-references-ts-bug/file3.ts","configFile":"/tmp/find-references-ts-bug/tsconfig.json","diagnostics":[]}}
Info 52   [19:9:23.190] Project '/tmp/find-references-ts-bug/tsconfig.json' (Configured) 0
Info 52   [19:9:23.190] 	Files (9)
	/tmp/find-references-ts-bug/node_modules/typescript/lib/lib.d.ts
	/tmp/find-references-ts-bug/node_modules/typescript/lib/lib.es5.d.ts
	/tmp/find-references-ts-bug/node_modules/typescript/lib/lib.dom.d.ts
	/tmp/find-references-ts-bug/node_modules/typescript/lib/lib.webworker.importscripts.d.ts
	/tmp/find-references-ts-bug/node_modules/typescript/lib/lib.scripthost.d.ts
	/tmp/find-references-ts-bug/file1.ts
	/tmp/find-references-ts-bug/file2.ts
	/tmp/find-references-ts-bug/file3.ts
	/tmp/find-references-ts-bug/file4.ts

Info 52   [19:9:23.190] -----------------------------------------------
Info 52   [19:9:23.190] Open files: 
Info 52   [19:9:23.190] 	FileName: /tmp/find-references-ts-bug/file3.ts ProjectRootPath: /tmp/find-references-ts-bug
Info 52   [19:9:23.190] 		Projects: /tmp/find-references-ts-bug/tsconfig.json
Perf 52   [19:9:23.190] 2::updateOpen: elapsed time (in milliseconds) 653.5997
Info 53   [19:9:23.190] response:
    {"seq":0,"type":"response","command":"updateOpen","request_seq":2,"success":true,"body":true}
Info 54   [19:9:23.190] request:
    {"seq":3,"type":"request","command":"configurePlugin","arguments":{"pluginName":"typescript-tslint-plugin","configuration":{}}}
Info 55   [19:9:23.190] [typescript-tslint-plugin] "onConfigurationChanged"
Info 56   [19:9:23.190] [typescript-tslint-plugin] "TSConfig configuration changed"
Info 57   [19:9:23.190] got projects updated in background, updating diagnostics for /tmp/find-references-ts-bug/file3.ts
Info 58   [19:9:23.190] event:
    {"seq":0,"type":"event","event":"projectsUpdatedInBackground","body":{"openFiles":["/tmp/find-references-ts-bug/file3.ts"]}}
Info 59   [19:9:23.190] response:
    {"seq":0,"type":"response","command":"configurePlugin","request_seq":3,"success":true}
Perf 60   [19:9:23.191] 3::configurePlugin: async elapsed time (in milliseconds) 0.5632
Info 61   [19:9:23.191] event:
    {"seq":0,"type":"event","event":"typingsInstallerPid","body":{"pid":66568}}
Info 62   [19:9:23.192] Running: *ensureProjectForOpenFiles*
Info 63   [19:9:23.192] Structure before ensureProjectForOpenFiles:
Info 64   [19:9:23.192] Project '/tmp/find-references-ts-bug/tsconfig.json' (Configured) 0
Info 64   [19:9:23.192] 	Files (9)
	/tmp/find-references-ts-bug/node_modules/typescript/lib/lib.d.ts
	/tmp/find-references-ts-bug/node_modules/typescript/lib/lib.es5.d.ts
	/tmp/find-references-ts-bug/node_modules/typescript/lib/lib.dom.d.ts
	/tmp/find-references-ts-bug/node_modules/typescript/lib/lib.webworker.importscripts.d.ts
	/tmp/find-references-ts-bug/node_modules/typescript/lib/lib.scripthost.d.ts
	/tmp/find-references-ts-bug/file1.ts
	/tmp/find-references-ts-bug/file2.ts
	/tmp/find-references-ts-bug/file3.ts
	/tmp/find-references-ts-bug/file4.ts

Info 64   [19:9:23.192] -----------------------------------------------
Info 64   [19:9:23.192] Open files: 
Info 64   [19:9:23.192] 	FileName: /tmp/find-references-ts-bug/file3.ts ProjectRootPath: /tmp/find-references-ts-bug
Info 64   [19:9:23.192] 		Projects: /tmp/find-references-ts-bug/tsconfig.json
Info 64   [19:9:23.192] Structure after ensureProjectForOpenFiles:
Info 65   [19:9:23.192] Project '/tmp/find-references-ts-bug/tsconfig.json' (Configured) 0
Info 65   [19:9:23.192] 	Files (9)
	/tmp/find-references-ts-bug/node_modules/typescript/lib/lib.d.ts
	/tmp/find-references-ts-bug/node_modules/typescript/lib/lib.es5.d.ts
	/tmp/find-references-ts-bug/node_modules/typescript/lib/lib.dom.d.ts
	/tmp/find-references-ts-bug/node_modules/typescript/lib/lib.webworker.importscripts.d.ts
	/tmp/find-references-ts-bug/node_modules/typescript/lib/lib.scripthost.d.ts
	/tmp/find-references-ts-bug/file1.ts
	/tmp/find-references-ts-bug/file2.ts
	/tmp/find-references-ts-bug/file3.ts
	/tmp/find-references-ts-bug/file4.ts

Info 65   [19:9:23.192] -----------------------------------------------
Info 65   [19:9:23.192] Open files: 
Info 65   [19:9:23.192] 	FileName: /tmp/find-references-ts-bug/file3.ts ProjectRootPath: /tmp/find-references-ts-bug
Info 65   [19:9:23.192] 		Projects: /tmp/find-references-ts-bug/tsconfig.json
Info 65   [19:9:23.192] got projects updated in background, updating diagnostics for /tmp/find-references-ts-bug/file3.ts
Info 66   [19:9:23.192] event:
    {"seq":0,"type":"event","event":"projectsUpdatedInBackground","body":{"openFiles":["/tmp/find-references-ts-bug/file3.ts"]}}
Info 67   [19:9:23.192] request:
    {"seq":4,"type":"request","command":"geterr","arguments":{"delay":0,"files":["/tmp/find-references-ts-bug/file3.ts"]}}
Perf 68   [19:9:23.192] 4::geterr: async elapsed time (in milliseconds) 0.5406
Info 69   [19:9:23.193] event:
    {"seq":0,"type":"event","event":"syntaxDiag","body":{"file":"/tmp/find-references-ts-bug/file3.ts","diagnostics":[]}}
Info 70   [19:9:23.204] [typescript-tslint-plugin] "Computing tslint semantic diagnostics for '/tmp/find-references-ts-bug/file3.ts'"
Info 71   [19:9:23.205] [typescript-tslint-plugin] "(runTsLint) start"
Info 72   [19:9:23.205] [typescript-tslint-plugin] "(loadLibrary) trying to load /tmp/find-references-ts-bug/file3.ts"
Info 73   [19:9:23.308] [typescript-tslint-plugin] "(getGlobalPackageManagerPath) Begin - Resolve Global Package Manager Path for: npm"
Info 74   [19:9:23.555] [typescript-tslint-plugin] "'npm config get prefix' value is: /usr"
Info 75   [19:9:23.555] [typescript-tslint-plugin] "(getGlobalPackageManagerPath) Done - Resolve Global Package Manager Path for: npm"
Info 76   [19:9:23.555] [typescript-tslint-plugin] "(resolveTsLint) NODE_PATH value is: /usr/lib/node_modules:/tmp/find-references-ts-bug/node_modules"
Info 77   [19:9:23.644] [typescript-tslint-plugin] "(loadLibrary) Resolved tslint to "
Info 78   [19:9:23.644] [typescript-tslint-plugin] "(runTsLint) Loaded tslint library"
Info 79   [19:9:23.646] [typescript-tslint-plugin] "[tslint] Failed to load the TSLint library for '/tmp/find-references-ts-bug/file3.ts'\nTo use TSLint, please install tslint using 'npm install tslint' or globally using 'npm install -g tslint'.\nBe sure to restart your editor after installing tslint."
Info 80   [19:9:23.646] event:
    {"seq":0,"type":"event","event":"semanticDiag","body":{"file":"/tmp/find-references-ts-bug/file3.ts","diagnostics":[]}}
Info 81   [19:9:23.646] request:
    {"seq":5,"type":"request","command":"geterr","arguments":{"delay":0,"files":["/tmp/find-references-ts-bug/file3.ts"]}}
Info 82   [19:9:23.646] event:
    {"seq":0,"type":"event","event":"requestCompleted","body":{"request_seq":4}}
Perf 83   [19:9:23.647] 5::geterr: async elapsed time (in milliseconds) 0.3162
Info 84   [19:9:23.648] event:
    {"seq":0,"type":"event","event":"syntaxDiag","body":{"file":"/tmp/find-references-ts-bug/file3.ts","diagnostics":[]}}
Info 85   [19:9:23.648] [typescript-tslint-plugin] "Computing tslint semantic diagnostics for '/tmp/find-references-ts-bug/file3.ts'"
Info 86   [19:9:23.648] [typescript-tslint-plugin] "(runTsLint) start"
Info 87   [19:9:23.648] [typescript-tslint-plugin] "(runTsLint) Loaded tslint library"
Info 88   [19:9:23.648] [typescript-tslint-plugin] "[tslint] Failed to load the TSLint library for '/tmp/find-references-ts-bug/file3.ts'\nTo use TSLint, please install tslint using 'npm install tslint' or globally using 'npm install -g tslint'.\nBe sure to restart your editor after installing tslint."
Info 89   [19:9:23.648] event:
    {"seq":0,"type":"event","event":"semanticDiag","body":{"file":"/tmp/find-references-ts-bug/file3.ts","diagnostics":[]}}
Info 90   [19:9:23.649] event:
    {"seq":0,"type":"event","event":"suggestionDiag","body":{"file":"/tmp/find-references-ts-bug/file3.ts","diagnostics":[]}}
Info 91   [19:9:23.649] event:
    {"seq":0,"type":"event","event":"requestCompleted","body":{"request_seq":5}}
Info 92   [19:9:23.742] request:
    {"seq":6,"type":"request","command":"configurePlugin","arguments":{"pluginName":"@vsintellicode/typescript-intellicode-plugin","configuration":{"modelPath":"/home/InExtremaRes/.vscode/extensions/visualstudioexptteam.vscodeintellicode-1.2.0/cache/1A3F919CD5B7725108B03C349630A1C82B03_0F0BA3C08C954A17AD992F382AE21E98"}}}
Info 93   [19:9:23.742] response:
    {"seq":0,"type":"response","command":"configurePlugin","request_seq":6,"success":true}
Perf 94   [19:9:23.742] 6::configurePlugin: async elapsed time (in milliseconds) 0.2149
Info 95   [19:9:24.801] request:
    {"seq":7,"type":"request","command":"quickinfo","arguments":{"file":"/tmp/find-references-ts-bug/file3.ts","line":5,"offset":12}}
Perf 96   [19:9:24.840] 7::quickinfo: elapsed time (in milliseconds) 38.7779
Info 97   [19:9:24.840] response:
    {"seq":0,"type":"response","command":"quickinfo","request_seq":7,"success":true,"body":{"kind":"class","kindModifiers":"export","start":{"line":5,"offset":11},"end":{"line":5,"offset":14},"displayString":"class Foo","documentation":"","tags":[]}}
Info 98   [19:9:25.96] request:
    {"seq":8,"type":"request","command":"configure","arguments":{"file":"/tmp/find-references-ts-bug/file3.ts","formatOptions":{"tabSize":4,"indentSize":4,"convertTabsToSpaces":false,"newLineCharacter":"\n","insertSpaceAfterCommaDelimiter":true,"insertSpaceAfterConstructor":false,"insertSpaceAfterSemicolonInForStatements":true,"insertSpaceBeforeAndAfterBinaryOperators":true,"insertSpaceAfterKeywordsInControlFlowStatements":true,"insertSpaceAfterFunctionKeywordForAnonymousFunctions":true,"insertSpaceBeforeFunctionParenthesis":false,"insertSpaceAfterOpeningAndBeforeClosingNonemptyParenthesis":false,"insertSpaceAfterOpeningAndBeforeClosingNonemptyBrackets":false,"insertSpaceAfterOpeningAndBeforeClosingNonemptyBraces":true,"insertSpaceAfterOpeningAndBeforeClosingTemplateStringBraces":false,"insertSpaceAfterOpeningAndBeforeClosingJsxExpressionBraces":false,"insertSpaceAfterTypeAssertion":false,"placeOpenBraceOnNewLineForFunctions":false,"placeOpenBraceOnNewLineForControlBlocks":false,"semicolons":"ignore"},"preferences":{"quotePreference":"single","allowTextChangesInNewFiles":true,"providePrefixAndSuffixTextForRename":false,"allowRenameOfImportPath":true}}}
Info 99   [19:9:25.98] Host configuration update for file /tmp/find-references-ts-bug/file3.ts
Info 100  [19:9:25.98] response:
    {"seq":0,"type":"response","command":"configure","request_seq":8,"success":true}
Perf 101  [19:9:25.98] 8::configure: async elapsed time (in milliseconds) 1.9957
Info 102  [19:9:25.103] request:
    {"seq":9,"type":"request","command":"getApplicableRefactors","arguments":{"file":"/tmp/find-references-ts-bug/file3.ts","startLine":5,"startOffset":12,"endLine":5,"endOffset":12}}
Perf 103  [19:9:25.179] 9::getApplicableRefactors: elapsed time (in milliseconds) 76.6847
Info 104  [19:9:25.179] response:
    {"seq":0,"type":"response","command":"getApplicableRefactors","request_seq":9,"success":true,"body":[]}
Info 105  [19:9:25.180] request:
    {"seq":10,"type":"request","command":"getSupportedCodeFixes","arguments":null}
Perf 106  [19:9:25.180] 10::getSupportedCodeFixes: elapsed time (in milliseconds) 0.2988
Info 107  [19:9:25.180] response:
    {"seq":0,"type":"response","command":"getSupportedCodeFixes","request_seq":10,"success":true,"body":["2352","2356","2362","2363","2736","2365","2367","2461","2495","2569","2549","2548","2488","2504","2345","2339","2349","2351","2304","18004","2612","1329","7051","80004","7034","7005","7006","7019","7033","7010","7032","7008","7046","7043","7044","7047","7048","7050","7049","7045","2683","80002","80006","80001","2713","2420","2720","2552","2663","2662","2503","2686","2693","2551","2724","2741","2739","2740","2348","2307","7016","2515","2653","17009","2377","1219","17004","2689","6133","6196","6138","6192","6198","6199","6205","7027","7028","8020","1308","1103","1002","1003","1005","1006","1009","1010","1011","1012","1013","1014","1015","1016","1017","1018","1019","1020","1021","1022","1023","1024","1028","1029","1030","1031","1034","1035","1036","1038","1039","1040","1041","1042","1043","1044","1045","1046","1047","1048","1049","1051","1052","1053","1054","1055","1056","1057","1058","1059","1060","1061","1062","1063","1064","1066","1068","1069","1070","1071","1079","1084","1085","1089","1090","1091","1092","1093","1094","1095","1096","1097","1098","1099","1100","1101","1102","1104","1105","1107","1108","1109","1110","1113","1114","1115","1116","1117","1118","1119","1120","1121","1123","1124","1125","1126","1127","1128","1129","1130","1131","1132","1134","1135","1136","1137","1138","1139","1140","1141","1142","1144","1146","1147","1148","1149","1155","1156","1157","1160","1161","1162","1163","1164","1165","1166","1168","1169","1170","1171","1172","1173","1174","1175","1176","1177","1178","1179","1180","1181","1182","1183","1184","1185","1186","1187","1188","1189","1190","1191","1192","1193","1194","1196","1197","1198","1199","1200","1202","1203","1205","1206","1207","1208","1210","1211","1212","1213","1214","1215","1216","1218","1220","1221","1222","1223","1224","1225","1226","1227","1228","1229","1230","1231","1232","1233","1234","1235","1236","1237","1238","1239","1240","1241","1242","1243","1244","1245","1246","1247","1248","1249","1250","1251","1252","1253","1254","1255","1256","1257","1258","1259","1260","1300","1312","1313","1314","1315","1316","1317","1318","1319","1320","1321","1322","1323","1324","1325","1326","1327","1328","1330","1331","1332","1333","1334","1335","1336","1337","1338","1339","1340","1342","1343","1344","1345","1346","1347","1348","1349","1351","1352","1353","1354","1355","1356","1357","1358","1359","2200","2201","2202","2203","2204","2205","2300","2301","2302","2303","2305","2306","2308","2309","2310","2311","2312","2313","2314","2315","2316","2317","2318","2319","2320","2321","2322","2323","2324","2325","2326","2327","2328","2329","2330","2331","2332","2333","2334","2335","2336","2337","2338","2340","2341","2342","2343","2344","2346","2347","2350","2353","2354","2355","2357","2358","2359","2360","2361","2364","2366","2368","2369","2370","2371","2372","2373","2374","2375","2376","2378","2379","2380","2381","2382","2383","2384","2385","2386","2387","2388","2389","2390","2391","2392","2393","2394","2395","2396","2397","2399","2400","2401","2402","2403","2404","2405","2406","2407","2408","2409","2410","2411","2412","2413","2414","2415","2416","2417","2418","2422","2423","2425","2426","2427","2428","2430","2431","2432","2433","2434","2435","2436","2437","2438","2439","2440","2441","2442","2443","2444","2445","2446","2447","2448","2449","2450","2451","2452","2453","2454","2455","2456","2457","2458","2462","2463","2464","2465","2466","2467","2468","2469","2470","2471","2472","2473","2474","2475","2476","2477","2478","2479","2480","2481","2483","2484","2487","2489","2490","2491","2492","2493","2494","2496","2497","2498","2499","2500","2501","2502","2505","2506","2507","2508","2509","2510","2511","2512","2513","2514","2516","2517","2518","2519","2520","2521","2522","2523","2524","2525","2526","2527","2528","2529","2530","2531","2532","2533","2534","2535","2536","2537","2538","2539","2540","2541","2542","2543","2544","2545","2546","2547","2553","2554","2555","2556","2557","2558","2559","2560","2561","2562","2563","2564","2565","2566","2567","2571","2572","2573","2574","2575","2576","2577","2580","2581","2582","2583","2584","2585","2586","2587","2588","2589","2590","2591","2592","2593","2594","2600","2601","2602","2603","2604","2605","2606","2607","2608","2609","2610","2611","2613","2614","2649","2651","2652","2654","2656","2657","2658","2659","2660","2661","2664","2665","2666","2667","2668","2669","2670","2671","2672","2673","2674","2675","2676","2677","2678","2679","2680","2681","2682","2684","2685","2687","2688","2691","2692","2694","2695","2696","2697","2698","2699","2700","2701","2702","2703","2704","2705","2706","2707","2708","2709","2710","2711","2712","2714","2715","2716","2717","2718","2719","2721","2722","2723","2725","2726","2727","2729","2730","2731","2732","2733","2734","2735","2737","2742","2743","2744","2745","2746","2747","2748","2749","2750","2751","2752","2753","2754","2755","2756","2757","2758","2759","2760","2761","2762","2763","2764","2765","2766","2767","2768","2769","2770","2771","2772","2773","2774","2775","2776","2777","2778","2779","2780","2781","4000","4002","4004","4006","4008","4010","4012","4014","4016","4019","4020","4022","4023","4024","4025","4026","4027","4028","4029","4030","4031","4032","4033","4034","4035","4036","4037","4038","4039","4040","4041","4042","4043","4044","4045","4046","4047","4048","4049","4050","4051","4052","4053","4054","4055","4056","4057","4058","4059","4060","4061","4062","4063","4064","4065","4066","4067","4068","4069","4070","4071","4072","4073","4074","4075","4076","4077","4078","4081","4082","4083","4090","4091","4092","4094","4095","4096","4097","4098","4099","4100","4101","4102","4103","4104","4105","4106","4107","4108","4109","4110","5001","5009","5010","5012","5014","5023","5024","5033","5042","5047","5048","5051","5052","5053","5054","5055","5056","5057","5058","5059","5060","5061","5062","5063","5064","5065","5066","5067","5068","5069","5070","5071","5072","5073","5074","5075","5076","6044","6045","6046","6048","6049","6050","6051","6053","6054","6059","6064","6082","6103","6114","6131","6137","6140","6142","6188","6189","6200","6202","6304","6305","6306","6307","6308","6309","6369","6370","6377","6379","7009","7011","7013","7014","7015","7017","7018","7020","7022","7023","7024","7025","7026","7029","7030","7031","7035","7036","7039","7040","7041","7042","7052","7053","7054","7055","8000","8001","8002","8003","8004","8005","8006","8007","8008","8009","8010","8011","8012","8013","8015","8016","8017","8018","8021","8022","8023","8024","8025","8026","8027","8028","8029","8030","8031","8032","9002","9003","9004","9005","9006","17000","17001","17002","17003","17005","17006","17007","17008","17010","17011","17012","17013","17014","17015","17016","17017","18000","18001","18002","18003","18006","18007","80005","80003","80008","80007","1"]}
Info 108  [19:9:26.23] request:
    {"seq":11,"type":"request","command":"references","arguments":{"file":"/tmp/find-references-ts-bug/file3.ts","line":5,"offset":12}}
Err 109   [19:9:26.28] Exception on executing command {"seq":11,"type":"request","command":"references","arguments":{"file":"/tmp/find-references-ts-bug/file3.ts","line":5,"offset":12}}:

    Debug Failure. False expression.

    Error: Debug Failure. False expression.
        at getSourceFileLikeForImportDeclaration (/tmp/find-references-ts-bug/node_modules/typescript/lib/tsserver.js:109406:22)
        at addIndirectUsers (/tmp/find-references-ts-bug/node_modules/typescript/lib/tsserver.js:108990:42)
        at addIndirectUsers (/tmp/find-references-ts-bug/node_modules/typescript/lib/tsserver.js:108990:25)
        at handleNamespaceImport (/tmp/find-references-ts-bug/node_modules/typescript/lib/tsserver.js:108964:25)
        at handleDirectImports (/tmp/find-references-ts-bug/node_modules/typescript/lib/tsserver.js:108929:37)
        at getImportersForExport (/tmp/find-references-ts-bug/node_modules/typescript/lib/tsserver.js:108878:13)
        at State.importTracker (/tmp/find-references-ts-bug/node_modules/typescript/lib/tsserver.js:108854:26)
        at State.getImportSearches (/tmp/find-references-ts-bug/node_modules/typescript/lib/tsserver.js:110199:33)
        at searchForImportsOfExport (/tmp/find-references-ts-bug/node_modules/typescript/lib/tsserver.js:110248:32)
        at getImportOrExportReferences (/tmp/find-references-ts-bug/node_modules/typescript/lib/tsserver.js:110672:21)
        at getReferencesAtLocation (/tmp/find-references-ts-bug/node_modules/typescript/lib/tsserver.js:110592:17)
        at getReferencesInContainer (/tmp/find-references-ts-bug/node_modules/typescript/lib/tsserver.js:110536:21)
        at getReferencesInContainerOrFiles (/tmp/find-references-ts-bug/node_modules/typescript/lib/tsserver.js:110095:21)
        at getReferencedSymbolsForSymbol (/tmp/find-references-ts-bug/node_modules/typescript/lib/tsserver.js:110086:21)
        at Object.getReferencedSymbolsForNode (/tmp/find-references-ts-bug/node_modules/typescript/lib/tsserver.js:109889:34)
        at Object.findReferencedSymbols (/tmp/find-references-ts-bug/node_modules/typescript/lib/tsserver.js:109567:60)
        at Proxy.findReferences (/tmp/find-references-ts-bug/node_modules/typescript/lib/tsserver.js:130935:41)
        at /tmp/find-references-ts-bug/node_modules/typescript/lib/tsserver.js:139099:68
        at callbackProjectAndLocation (/tmp/find-references-ts-bug/node_modules/typescript/lib/tsserver.js:139180:13)
        at /tmp/find-references-ts-bug/node_modules/typescript/lib/tsserver.js:139127:24
        at forEachProjectInProjects (/tmp/find-references-ts-bug/node_modules/typescript/lib/tsserver.js:139109:17)
        at combineProjectOutputWorker (/tmp/find-references-ts-bug/node_modules/typescript/lib/tsserver.js:139124:13)
        at combineProjectOutputForReferences (/tmp/find-references-ts-bug/node_modules/typescript/lib/tsserver.js:139080:13)
        at IOSession.Session.getReferences (/tmp/find-references-ts-bug/node_modules/typescript/lib/tsserver.js:140208:34)
        at Session.handlers.ts.createMapFromTemplate._a.(anonymous function) (/tmp/find-references-ts-bug/node_modules/typescript/lib/tsserver.js:139339:61)
        at /tmp/find-references-ts-bug/node_modules/typescript/lib/tsserver.js:140942:88
        at IOSession.Session.executeWithRequestId (/tmp/find-references-ts-bug/node_modules/typescript/lib/tsserver.js:140933:28)
        at IOSession.Session.executeCommand (/tmp/find-references-ts-bug/node_modules/typescript/lib/tsserver.js:140942:33)
        at IOSession.Session.onMessage (/tmp/find-references-ts-bug/node_modules/typescript/lib/tsserver.js:140965:35)
        at Interface.<anonymous> (/tmp/find-references-ts-bug/node_modules/typescript/lib/tsserver.js:142280:27)
        at Interface.emit (events.js:182:13)
        at Interface._onLine (readline.js:290:10)
        at Interface._normalWrite (readline.js:433:12)
        at Socket.ondata (readline.js:149:10)
        at Socket.emit (events.js:182:13)
        at addChunk (_stream_readable.js:283:12)
        at readableAddChunk (_stream_readable.js:264:11)
        at Socket.Readable.push (_stream_readable.js:219:10)
        at Pipe.onStreamRead [as onread] (internal/stream_base_commons.js:94:17)

File text of /tmp/find-references-ts-bug/file3.ts:
    import { Container } from './file2';
    
    declare const c: Container;
    // 'Go to definition' works from here but 'Find all references' doesn't
    c.classes.Foo;
    
    export type S = {};
    

Info 110  [19:9:26.28] response:
    {"seq":0,"type":"response","command":"references","request_seq":11,"success":false,"message":"Error processing request. Debug Failure. False expression.\nError: Debug Failure. False expression.\n    at getSourceFileLikeForImportDeclaration (/tmp/find-references-ts-bug/node_modules/typescript/lib/tsserver.js:109406:22)\n    at addIndirectUsers (/tmp/find-references-ts-bug/node_modules/typescript/lib/tsserver.js:108990:42)\n    at addIndirectUsers (/tmp/find-references-ts-bug/node_modules/typescript/lib/tsserver.js:108990:25)\n    at handleNamespaceImport (/tmp/find-references-ts-bug/node_modules/typescript/lib/tsserver.js:108964:25)\n    at handleDirectImports (/tmp/find-references-ts-bug/node_modules/typescript/lib/tsserver.js:108929:37)\n    at getImportersForExport (/tmp/find-references-ts-bug/node_modules/typescript/lib/tsserver.js:108878:13)\n    at State.importTracker (/tmp/find-references-ts-bug/node_modules/typescript/lib/tsserver.js:108854:26)\n    at State.getImportSearches (/tmp/find-references-ts-bug/node_modules/typescript/lib/tsserver.js:110199:33)\n    at searchForImportsOfExport (/tmp/find-references-ts-bug/node_modules/typescript/lib/tsserver.js:110248:32)\n    at getImportOrExportReferences (/tmp/find-references-ts-bug/node_modules/typescript/lib/tsserver.js:110672:21)\n    at getReferencesAtLocation (/tmp/find-references-ts-bug/node_modules/typescript/lib/tsserver.js:110592:17)\n    at getReferencesInContainer (/tmp/find-references-ts-bug/node_modules/typescript/lib/tsserver.js:110536:21)\n    at getReferencesInContainerOrFiles (/tmp/find-references-ts-bug/node_modules/typescript/lib/tsserver.js:110095:21)\n    at getReferencedSymbolsForSymbol (/tmp/find-references-ts-bug/node_modules/typescript/lib/tsserver.js:110086:21)\n    at Object.getReferencedSymbolsForNode (/tmp/find-references-ts-bug/node_modules/typescript/lib/tsserver.js:109889:34)\n    at Object.findReferencedSymbols (/tmp/find-references-ts-bug/node_modules/typescript/lib/tsserver.js:109567:60)\n    at Proxy.findReferences (/tmp/find-references-ts-bug/node_modules/typescript/lib/tsserver.js:130935:41)\n    at /tmp/find-references-ts-bug/node_modules/typescript/lib/tsserver.js:139099:68\n    at callbackProjectAndLocation (/tmp/find-references-ts-bug/node_modules/typescript/lib/tsserver.js:139180:13)\n    at /tmp/find-references-ts-bug/node_modules/typescript/lib/tsserver.js:139127:24\n    at forEachProjectInProjects (/tmp/find-references-ts-bug/node_modules/typescript/lib/tsserver.js:139109:17)\n    at combineProjectOutputWorker (/tmp/find-references-ts-bug/node_modules/typescript/lib/tsserver.js:139124:13)\n    at combineProjectOutputForReferences (/tmp/find-references-ts-bug/node_modules/typescript/lib/tsserver.js:139080:13)\n    at IOSession.Session.getReferences (/tmp/find-references-ts-bug/node_modules/typescript/lib/tsserver.js:140208:34)\n    at Session.handlers.ts.createMapFromTemplate._a.(anonymous function) (/tmp/find-references-ts-bug/node_modules/typescript/lib/tsserver.js:139339:61)\n    at /tmp/find-references-ts-bug/node_modules/typescript/lib/tsserver.js:140942:88\n    at IOSession.Session.executeWithRequestId (/tmp/find-references-ts-bug/node_modules/typescript/lib/tsserver.js:140933:28)\n    at IOSession.Session.executeCommand (/tmp/find-references-ts-bug/node_modules/typescript/lib/tsserver.js:140942:33)\n    at IOSession.Session.onMessage (/tmp/find-references-ts-bug/node_modules/typescript/lib/tsserver.js:140965:35)\n    at Interface.<anonymous> (/tmp/find-references-ts-bug/node_modules/typescript/lib/tsserver.js:142280:27)\n    at Interface.emit (events.js:182:13)\n    at Interface._onLine (readline.js:290:10)\n    at Interface._normalWrite (readline.js:433:12)\n    at Socket.ondata (readline.js:149:10)\n    at Socket.emit (events.js:182:13)\n    at addChunk (_stream_readable.js:283:12)\n    at readableAddChunk (_stream_readable.js:264:11)\n    at Socket.Readable.push (_stream_readable.js:219:10)\n    at Pipe.onStreamRead [as onread] (internal/stream_base_commons.js:94:17)"}
